app/build/intermediates/manifest_merge_blame_file/debug/processDebugMainManifest/manifest-merger-blame-debug-report.txt
1<?xml version="1.0" encoding="utf-8"?>
2<manifest xmlns:android="http://schemas.android.com/apk/res/android"
3    package="com.example.trackmyride"
4    android:versionCode="1"
5    android:versionName="1.0" >
6
7    <uses-sdk
8        android:minSdkVersion="26"
9        android:targetSdkVersion="34" />
10
11    <uses-permission android:name="android.permission.INTERNET" />
11-->src\main\AndroidManifest.xml:4:5-67
11-->src\main\AndroidManifest.xml:4:22-64
12    <uses-permission android:name="android.permission.ACCESS_FINE_LOCATION" />
12-->src\main\AndroidManifest.xml:5:5-79
12-->src\main\AndroidManifest.xml:5:22-76
13    <uses-permission android:name="android.permission.ACCESS_COARSE_LOCATION" />
13-->src\main\AndroidManifest.xml:6:5-81
13-->src\main\AndroidManifest.xml:6:22-78
14
15    <!-- Include required permissions for Google Maps API to run. -->
16    <uses-permission android:name="android.permission.ACCESS_NETWORK_STATE" />
16-->[com.google.android.gms:play-services-maps:19.0.0] AndroidManifest.xml:23:5-79
16-->[com.google.android.gms:play-services-maps:19.0.0] AndroidManifest.xml:23:22-76
17
18    <uses-feature
18-->[com.google.android.gms:play-services-maps:19.0.0] AndroidManifest.xml:26:5-28:35
19        android:glEsVersion="0x00020000"
19-->[com.google.android.gms:play-services-maps:19.0.0] AndroidManifest.xml:27:9-41
20        android:required="true" />
20-->[com.google.android.gms:play-services-maps:19.0.0] AndroidManifest.xml:28:9-32
21
22    <queries>
22-->[com.google.android.gms:play-services-maps:19.0.0] AndroidManifest.xml:30:5-34:15
23
24        <!-- Needs to be explicitly declared on Android R+ -->
25        <package android:name="com.google.android.apps.maps" />
25-->[com.google.android.gms:play-services-maps:19.0.0] AndroidManifest.xml:33:9-64
25-->[com.google.android.gms:play-services-maps:19.0.0] AndroidManifest.xml:33:18-61
26    </queries>
27
28    <permission
28-->[androidx.core:core:1.13.0] AndroidManifest.xml:22:5-24:47
29        android:name="com.example.trackmyride.DYNAMIC_RECEIVER_NOT_EXPORTED_PERMISSION"
29-->[androidx.core:core:1.13.0] AndroidManifest.xml:23:9-81
30        android:protectionLevel="signature" />
30-->[androidx.core:core:1.13.0] AndroidManifest.xml:24:9-44
31
32    <uses-permission android:name="com.example.trackmyride.DYNAMIC_RECEIVER_NOT_EXPORTED_PERMISSION" />
32-->[androidx.core:core:1.13.0] AndroidManifest.xml:26:5-97
32-->[androidx.core:core:1.13.0] AndroidManifest.xml:26:22-94
33
34    <application
34-->src\main\AndroidManifest.xml:7:5-73:19
35        android:allowBackup="true"
35-->src\main\AndroidManifest.xml:8:9-35
36        android:appComponentFactory="androidx.core.app.CoreComponentFactory"
36-->[androidx.core:core:1.13.0] AndroidManifest.xml:28:18-86
37        android:dataExtractionRules="@xml/data_extraction_rules"
37-->src\main\AndroidManifest.xml:9:9-65
38        android:debuggable="true"
39        android:extractNativeLibs="false"
40        android:fullBackupContent="@xml/backup_rules"
40-->src\main\AndroidManifest.xml:10:9-54
41        android:icon="@mipmap/ic_launcher"
41-->src\main\AndroidManifest.xml:11:9-43
42        android:label="@string/app_name"
42-->src\main\AndroidManifest.xml:12:9-41
43        android:roundIcon="@mipmap/ic_launcher_round"
43-->src\main\AndroidManifest.xml:13:9-54
44        android:supportsRtl="true"
44-->src\main\AndroidManifest.xml:14:9-35
45        android:theme="@style/Theme.TrackMyRide" >
45-->src\main\AndroidManifest.xml:15:9-49
46
47        <!--
48             TODO: Before you run your application, you need a Google Maps API key.
49
50             To get one, follow the directions here:
51
52                https://developers.google.com/maps/documentation/android-sdk/get-api-key
53
54             Once you have your API key (it starts with "AIza"), define a new property in your
55             project's local.properties file (e.g. MAPS_API_KEY=Aiza...), and replace the
56             "YOUR_API_KEY" string in this file with "${MAPS_API_KEY}".
57        -->
58        <meta-data
58-->src\main\AndroidManifest.xml:29:9-31:71
59            android:name="com.google.android.geo.API_KEY"
59-->src\main\AndroidManifest.xml:30:13-58
60            android:value="AIzaSyCn0PzoW8WyBvOI1erghBdV7B2VyIjd6e4" />
60-->src\main\AndroidManifest.xml:31:13-68
61
62        <activity
62-->src\main\AndroidManifest.xml:35:9-38:63
63            android:name="com.example.trackmyride.ui.HomeMapActivity"
63-->src\main\AndroidManifest.xml:36:13-47
64            android:exported="false"
64-->src\main\AndroidManifest.xml:37:13-37
65            android:label="@string/title_activity_hoem_map" />
65-->src\main\AndroidManifest.xml:38:13-60
66        <activity
66-->src\main\AndroidManifest.xml:40:9-48:20
67            android:name="com.example.trackmyride.ui.StartActivity"
67-->src\main\AndroidManifest.xml:41:13-45
68            android:exported="true" >
68-->src\main\AndroidManifest.xml:42:13-36
69            <intent-filter>
69-->src\main\AndroidManifest.xml:43:13-47:29
70                <action android:name="android.intent.action.MAIN" />
70-->src\main\AndroidManifest.xml:44:17-69
70-->src\main\AndroidManifest.xml:44:25-66
71
72                <category android:name="android.intent.category.LAUNCHER" />
72-->src\main\AndroidManifest.xml:46:17-77
72-->src\main\AndroidManifest.xml:46:27-74
73            </intent-filter>
74        </activity>
75        <activity
75-->src\main\AndroidManifest.xml:49:9-51:40
76            android:name="com.example.trackmyride.ui.HomeActivity"
76-->src\main\AndroidManifest.xml:50:13-44
77            android:exported="false" />
77-->src\main\AndroidManifest.xml:51:13-37
78        <activity
78-->src\main\AndroidManifest.xml:52:9-60:20
79            android:name="com.example.trackmyride.ui.SignUpActivity"
79-->src\main\AndroidManifest.xml:53:13-46
80            android:exported="true" >
80-->src\main\AndroidManifest.xml:54:13-36
81            <intent-filter>
81-->src\main\AndroidManifest.xml:43:13-47:29
82                <action android:name="android.intent.action.MAIN" />
82-->src\main\AndroidManifest.xml:44:17-69
82-->src\main\AndroidManifest.xml:44:25-66
83
84                <category android:name="android.intent.category.LAUNCHER" />
84-->src\main\AndroidManifest.xml:46:17-77
84-->src\main\AndroidManifest.xml:46:27-74
85            </intent-filter>
86        </activity>
87        <activity
87-->src\main\AndroidManifest.xml:61:9-63:40
88            android:name="com.example.trackmyride.ui.LoginActivity"
88-->src\main\AndroidManifest.xml:62:13-45
89            android:exported="false" />
89-->src\main\AndroidManifest.xml:63:13-37
90        <activity
90-->src\main\AndroidManifest.xml:64:9-72:20
91            android:name="com.example.trackmyride.MainActivity"
91-->src\main\AndroidManifest.xml:65:13-41
92            android:exported="true" >
92-->src\main\AndroidManifest.xml:66:13-36
93            <intent-filter>
93-->src\main\AndroidManifest.xml:43:13-47:29
94                <action android:name="android.intent.action.MAIN" />
94-->src\main\AndroidManifest.xml:44:17-69
94-->src\main\AndroidManifest.xml:44:25-66
95
96                <category android:name="android.intent.category.LAUNCHER" />
96-->src\main\AndroidManifest.xml:46:17-77
96-->src\main\AndroidManifest.xml:46:27-74
97            </intent-filter>
98        </activity>
99        <!-- Needs to be explicitly declared on P+ -->
100        <uses-library
100-->[com.google.android.gms:play-services-maps:19.0.0] AndroidManifest.xml:39:9-41:40
101            android:name="org.apache.http.legacy"
101-->[com.google.android.gms:play-services-maps:19.0.0] AndroidManifest.xml:40:13-50
102            android:required="false" />
102-->[com.google.android.gms:play-services-maps:19.0.0] AndroidManifest.xml:41:13-37
103
104        <service
104-->[com.google.firebase:firebase-database:21.0.0] AndroidManifest.xml:26:9-35:19
105            android:name="com.google.firebase.components.ComponentDiscoveryService"
105-->[com.google.firebase:firebase-database:21.0.0] AndroidManifest.xml:27:13-84
106            android:directBootAware="true"
106-->[com.google.firebase:firebase-common:21.0.0] AndroidManifest.xml:32:13-43
107            android:exported="false" >
107-->[com.google.firebase:firebase-database:21.0.0] AndroidManifest.xml:28:13-37
108            <meta-data
108-->[com.google.firebase:firebase-database:21.0.0] AndroidManifest.xml:29:13-31:85
109                android:name="com.google.firebase.components:com.google.firebase.database.FirebaseDatabaseKtxRegistrar"
109-->[com.google.firebase:firebase-database:21.0.0] AndroidManifest.xml:30:17-120
110                android:value="com.google.firebase.components.ComponentRegistrar" />
110-->[com.google.firebase:firebase-database:21.0.0] AndroidManifest.xml:31:17-82
111            <meta-data
111-->[com.google.firebase:firebase-database:21.0.0] AndroidManifest.xml:32:13-34:85
112                android:name="com.google.firebase.components:com.google.firebase.database.DatabaseRegistrar"
112-->[com.google.firebase:firebase-database:21.0.0] AndroidManifest.xml:33:17-109
113                android:value="com.google.firebase.components.ComponentRegistrar" />
113-->[com.google.firebase:firebase-database:21.0.0] AndroidManifest.xml:34:17-82
114            <meta-data
114-->[com.google.firebase:firebase-common-ktx:21.0.0] AndroidManifest.xml:12:13-14:85
115                android:name="com.google.firebase.components:com.google.firebase.ktx.FirebaseCommonLegacyRegistrar"
115-->[com.google.firebase:firebase-common-ktx:21.0.0] AndroidManifest.xml:13:17-116
116                android:value="com.google.firebase.components.ComponentRegistrar" />
116-->[com.google.firebase:firebase-common-ktx:21.0.0] AndroidManifest.xml:14:17-82
117            <meta-data
117-->[com.google.firebase:firebase-common:21.0.0] AndroidManifest.xml:35:13-37:85
118                android:name="com.google.firebase.components:com.google.firebase.FirebaseCommonKtxRegistrar"
118-->[com.google.firebase:firebase-common:21.0.0] AndroidManifest.xml:36:17-109
119                android:value="com.google.firebase.components.ComponentRegistrar" />
119-->[com.google.firebase:firebase-common:21.0.0] AndroidManifest.xml:37:17-82
120        </service>
121
122        <activity
122-->[com.google.android.gms:play-services-base:18.5.0] AndroidManifest.xml:5:9-173
123            android:name="com.google.android.gms.common.api.GoogleApiActivity"
123-->[com.google.android.gms:play-services-base:18.5.0] AndroidManifest.xml:5:19-85
124            android:exported="false"
124-->[com.google.android.gms:play-services-base:18.5.0] AndroidManifest.xml:5:146-170
125            android:theme="@android:style/Theme.Translucent.NoTitleBar" />
125-->[com.google.android.gms:play-services-base:18.5.0] AndroidManifest.xml:5:86-145
126
127        <provider
127-->[com.google.firebase:firebase-common:21.0.0] AndroidManifest.xml:23:9-28:39
128            android:name="com.google.firebase.provider.FirebaseInitProvider"
128-->[com.google.firebase:firebase-common:21.0.0] AndroidManifest.xml:24:13-77
129            android:authorities="com.example.trackmyride.firebaseinitprovider"
129-->[com.google.firebase:firebase-common:21.0.0] AndroidManifest.xml:25:13-72
130            android:directBootAware="true"
130-->[com.google.firebase:firebase-common:21.0.0] AndroidManifest.xml:26:13-43
131            android:exported="false"
131-->[com.google.firebase:firebase-common:21.0.0] AndroidManifest.xml:27:13-37
132            android:initOrder="100" />
132-->[com.google.firebase:firebase-common:21.0.0] AndroidManifest.xml:28:13-36
133
134        <service
134-->[androidx.room:room-runtime:2.6.0] AndroidManifest.xml:24:9-28:63
135            android:name="androidx.room.MultiInstanceInvalidationService"
135-->[androidx.room:room-runtime:2.6.0] AndroidManifest.xml:25:13-74
136            android:directBootAware="true"
136-->[androidx.room:room-runtime:2.6.0] AndroidManifest.xml:26:13-43
137            android:exported="false" />
137-->[androidx.room:room-runtime:2.6.0] AndroidManifest.xml:27:13-37
138
139        <provider
139-->[androidx.emoji2:emoji2:1.3.0] AndroidManifest.xml:24:9-32:20
140            android:name="androidx.startup.InitializationProvider"
140-->[androidx.emoji2:emoji2:1.3.0] AndroidManifest.xml:25:13-67
141            android:authorities="com.example.trackmyride.androidx-startup"
141-->[androidx.emoji2:emoji2:1.3.0] AndroidManifest.xml:26:13-68
142            android:exported="false" >
142-->[androidx.emoji2:emoji2:1.3.0] AndroidManifest.xml:27:13-37
143            <meta-data
143-->[androidx.emoji2:emoji2:1.3.0] AndroidManifest.xml:29:13-31:52
144                android:name="androidx.emoji2.text.EmojiCompatInitializer"
144-->[androidx.emoji2:emoji2:1.3.0] AndroidManifest.xml:30:17-75
145                android:value="androidx.startup" />
145-->[androidx.emoji2:emoji2:1.3.0] AndroidManifest.xml:31:17-49
146            <meta-data
146-->[androidx.lifecycle:lifecycle-process:2.6.2] AndroidManifest.xml:29:13-31:52
147                android:name="androidx.lifecycle.ProcessLifecycleInitializer"
147-->[androidx.lifecycle:lifecycle-process:2.6.2] AndroidManifest.xml:30:17-78
148                android:value="androidx.startup" />
148-->[androidx.lifecycle:lifecycle-process:2.6.2] AndroidManifest.xml:31:17-49
149            <meta-data
149-->[androidx.profileinstaller:profileinstaller:1.3.1] AndroidManifest.xml:29:13-31:52
150                android:name="androidx.profileinstaller.ProfileInstallerInitializer"
150-->[androidx.profileinstaller:profileinstaller:1.3.1] AndroidManifest.xml:30:17-85
151                android:value="androidx.startup" />
151-->[androidx.profileinstaller:profileinstaller:1.3.1] AndroidManifest.xml:31:17-49
152        </provider>
153
154        <uses-library
154-->[androidx.window:window:1.0.0] AndroidManifest.xml:25:9-27:40
155            android:name="androidx.window.extensions"
155-->[androidx.window:window:1.0.0] AndroidManifest.xml:26:13-54
156            android:required="false" />
156-->[androidx.window:window:1.0.0] AndroidManifest.xml:27:13-37
157        <uses-library
157-->[androidx.window:window:1.0.0] AndroidManifest.xml:28:9-30:40
158            android:name="androidx.window.sidecar"
158-->[androidx.window:window:1.0.0] AndroidManifest.xml:29:13-51
159            android:required="false" />
159-->[androidx.window:window:1.0.0] AndroidManifest.xml:30:13-37
160
161        <meta-data
161-->[com.google.android.gms:play-services-basement:18.4.0] AndroidManifest.xml:6:9-122
162            android:name="com.google.android.gms.version"
162-->[com.google.android.gms:play-services-basement:18.4.0] AndroidManifest.xml:6:20-65
163            android:value="@integer/google_play_services_version" />
163-->[com.google.android.gms:play-services-basement:18.4.0] AndroidManifest.xml:6:66-119
164
165        <receiver
165-->[androidx.profileinstaller:profileinstaller:1.3.1] AndroidManifest.xml:34:9-52:20
166            android:name="androidx.profileinstaller.ProfileInstallReceiver"
166-->[androidx.profileinstaller:profileinstaller:1.3.1] AndroidManifest.xml:35:13-76
167            android:directBootAware="false"
167-->[androidx.profileinstaller:profileinstaller:1.3.1] AndroidManifest.xml:36:13-44
168            android:enabled="true"
168-->[androidx.profileinstaller:profileinstaller:1.3.1] AndroidManifest.xml:37:13-35
169            android:exported="true"
169-->[androidx.profileinstaller:profileinstaller:1.3.1] AndroidManifest.xml:38:13-36
170            android:permission="android.permission.DUMP" >
170-->[androidx.profileinstaller:profileinstaller:1.3.1] AndroidManifest.xml:39:13-57
171            <intent-filter>
171-->[androidx.profileinstaller:profileinstaller:1.3.1] AndroidManifest.xml:40:13-42:29
172                <action android:name="androidx.profileinstaller.action.INSTALL_PROFILE" />
172-->[androidx.profileinstaller:profileinstaller:1.3.1] AndroidManifest.xml:41:17-91
172-->[androidx.profileinstaller:profileinstaller:1.3.1] AndroidManifest.xml:41:25-88
173            </intent-filter>
174            <intent-filter>
174-->[androidx.profileinstaller:profileinstaller:1.3.1] AndroidManifest.xml:43:13-45:29
175                <action android:name="androidx.profileinstaller.action.SKIP_FILE" />
175-->[androidx.profileinstaller:profileinstaller:1.3.1] AndroidManifest.xml:44:17-85
175-->[androidx.profileinstaller:profileinstaller:1.3.1] AndroidManifest.xml:44:25-82
176            </intent-filter>
177            <intent-filter>
177-->[androidx.profileinstaller:profileinstaller:1.3.1] AndroidManifest.xml:46:13-48:29
178                <action android:name="androidx.profileinstaller.action.SAVE_PROFILE" />
178-->[androidx.profileinstaller:profileinstaller:1.3.1] AndroidManifest.xml:47:17-88
178-->[androidx.profileinstaller:profileinstaller:1.3.1] AndroidManifest.xml:47:25-85
179            </intent-filter>
180            <intent-filter>
180-->[androidx.profileinstaller:profileinstaller:1.3.1] AndroidManifest.xml:49:13-51:29
181                <action android:name="androidx.profileinstaller.action.BENCHMARK_OPERATION" />
181-->[androidx.profileinstaller:profileinstaller:1.3.1] AndroidManifest.xml:50:17-95
181-->[androidx.profileinstaller:profileinstaller:1.3.1] AndroidManifest.xml:50:25-92
182            </intent-filter>
183        </receiver>
184    </application>
185
186</manifest>